Queue/Library/Bee/Android/Prj/Mono2x/Gradle/unityLibrary/build/intermediates/manifest_merge_blame_file/release/manifest-merger-blame-release-report.txt
1<?xml version="1.0" encoding="utf-8"?>
2<manifest xmlns:android="http://schemas.android.com/apk/res/android"
3    xmlns:tools="http://schemas.android.com/tools"
4    package="com.unity3d.player"
5    android:installLocation="auto" >
6
7    <uses-sdk
8        android:minSdkVersion="23"
8-->src\main\AndroidManifest.xml
9        android:targetSdkVersion="32" />
9-->src\main\AndroidManifest.xml
10
11    <uses-permission android:name="android.permission.INTERNET" />
11-->src\main\AndroidManifest.xml:3:3-65
11-->src\main\AndroidManifest.xml:3:20-62
12    <uses-permission android:name="android.permission.ACCESS_NETWORK_STATE" />
12-->src\main\AndroidManifest.xml:4:3-77
12-->src\main\AndroidManifest.xml:4:20-74
13
14    <uses-feature android:glEsVersion="0x00030000" />
14-->src\main\AndroidManifest.xml:5:3-52
14-->src\main\AndroidManifest.xml:5:17-49
15    <uses-feature
15-->src\main\AndroidManifest.xml:6:3-91
16        android:name="android.hardware.vulkan.version"
16-->src\main\AndroidManifest.xml:6:17-63
17        android:required="false" />
17-->src\main\AndroidManifest.xml:6:64-88
18    <uses-feature
18-->src\main\AndroidManifest.xml:7:3-88
19        android:name="android.hardware.touchscreen"
19-->src\main\AndroidManifest.xml:7:17-60
20        android:required="false" />
20-->src\main\AndroidManifest.xml:7:61-85
21    <uses-feature
21-->src\main\AndroidManifest.xml:8:3-99
22        android:name="android.hardware.touchscreen.multitouch"
22-->src\main\AndroidManifest.xml:8:17-71
23        android:required="false" />
23-->src\main\AndroidManifest.xml:8:72-96
24    <uses-feature
24-->src\main\AndroidManifest.xml:9:3-108
25        android:name="android.hardware.touchscreen.multitouch.distinct"
25-->src\main\AndroidManifest.xml:9:17-80
26        android:required="false" />
26-->src\main\AndroidManifest.xml:9:81-105
27    <uses-feature
27-->src\main\AndroidManifest.xml:33:3-111
28        android:name="android.hardware.vr.headtracking"
28-->src\main\AndroidManifest.xml:33:17-64
29        android:required="true"
29-->src\main\AndroidManifest.xml:33:65-88
30        android:version="1" />
30-->src\main\AndroidManifest.xml:33:89-108
31
32    <application android:extractNativeLibs="true" >
32-->src\main\AndroidManifest.xml:10:3-32:17
32-->src\main\AndroidManifest.xml:10:16-48
33        <meta-data
33-->src\main\AndroidManifest.xml:11:5-69
34            android:name="unity.splash-mode"
34-->src\main\AndroidManifest.xml:11:16-48
35            android:value="0" />
35-->src\main\AndroidManifest.xml:11:49-66
36        <meta-data
36-->src\main\AndroidManifest.xml:12:5-74
37            android:name="unity.splash-enable"
37-->src\main\AndroidManifest.xml:12:16-50
38            android:value="True" />
38-->src\main\AndroidManifest.xml:12:51-71
39        <meta-data
39-->src\main\AndroidManifest.xml:13:5-78
40            android:name="unity.launch-fullscreen"
40-->src\main\AndroidManifest.xml:13:16-54
41            android:value="True" />
41-->src\main\AndroidManifest.xml:13:55-75
42        <meta-data
42-->src\main\AndroidManifest.xml:14:5-84
43            android:name="unity.allow-resizable-window"
43-->src\main\AndroidManifest.xml:14:16-59
44            android:value="False" />
44-->src\main\AndroidManifest.xml:14:60-81
45        <meta-data
45-->src\main\AndroidManifest.xml:15:5-81
46            android:name="notch.config"
46-->src\main\AndroidManifest.xml:15:16-43
47            android:value="portrait|landscape" />
47-->src\main\AndroidManifest.xml:15:44-78
48        <meta-data
48-->src\main\AndroidManifest.xml:16:5-84
49            android:name="unity.auto-report-fully-drawn"
49-->src\main\AndroidManifest.xml:16:16-60
50            android:value="true" />
50-->src\main\AndroidManifest.xml:16:61-81
51
52        <activity
52-->src\main\AndroidManifest.xml:17:5-26:16
53            android:name="com.unity3d.player.UnityPlayerActivity"
53-->src\main\AndroidManifest.xml:17:15-68
54            android:configChanges="keyboard|keyboardHidden|navigation|orientation|screenLayout|screenSize|uiMode"
54-->src\main\AndroidManifest.xml:17:204-305
55            android:exported="true"
55-->src\main\AndroidManifest.xml:17:377-400
56            android:hardwareAccelerated="false"
56-->src\main\AndroidManifest.xml:17:341-376
57            android:launchMode="singleTask"
57-->src\main\AndroidManifest.xml:17:172-203
58            android:resizeableActivity="false"
58-->src\main\AndroidManifest.xml:17:306-340
59            android:screenOrientation="landscape"
59-->src\main\AndroidManifest.xml:17:134-171
60            android:theme="@android:style/Theme.Black.NoTitleBar.Fullscreen" >
60-->src\main\AndroidManifest.xml:17:69-133
61            <intent-filter>
61-->src\main\AndroidManifest.xml:18:7-22:23
62                <category android:name="android.intent.category.LAUNCHER" />
62-->src\main\AndroidManifest.xml:19:9-69
62-->src\main\AndroidManifest.xml:19:19-66
63
64                <action android:name="android.intent.action.MAIN" />
64-->src\main\AndroidManifest.xml:20:9-61
64-->src\main\AndroidManifest.xml:20:17-58
65
66                <category android:name="com.oculus.intent.category.VR" />
66-->src\main\AndroidManifest.xml:21:9-66
66-->src\main\AndroidManifest.xml:21:19-63
67            </intent-filter>
68
69            <meta-data
69-->src\main\AndroidManifest.xml:23:7-82
70                android:name="unityplayer.UnityActivity"
70-->src\main\AndroidManifest.xml:23:18-58
71                android:value="true" />
71-->src\main\AndroidManifest.xml:23:59-79
72            <meta-data
72-->src\main\AndroidManifest.xml:24:7-70
73                android:name="notch_support"
73-->src\main\AndroidManifest.xml:24:18-46
74                android:value="true" />
74-->src\main\AndroidManifest.xml:24:47-67
75            <meta-data
75-->src\main\AndroidManifest.xml:25:7-81
76                android:name="com.oculus.vr.focusaware"
76-->src\main\AndroidManifest.xml:25:18-57
77                android:value="true" />
77-->src\main\AndroidManifest.xml:25:58-78
78        </activity>
79
80        <meta-data
80-->src\main\AndroidManifest.xml:27:5-97
81            android:name="com.samsung.android.vr.application.mode"
81-->src\main\AndroidManifest.xml:27:16-70
82            android:value="vr_only" />
82-->src\main\AndroidManifest.xml:27:71-94
83        <meta-data
83-->src\main\AndroidManifest.xml:28:5-91
84            android:name="com.unity.xr.oculus.LowOverheadMode"
84-->src\main\AndroidManifest.xml:28:16-66
85            android:value="false" />
85-->src\main\AndroidManifest.xml:28:67-88
86        <meta-data
86-->src\main\AndroidManifest.xml:29:5-88
87            android:name="com.unity.xr.oculus.LateLatching"
87-->src\main\AndroidManifest.xml:29:16-63
88            android:value="false" />
88-->src\main\AndroidManifest.xml:29:64-85
89        <meta-data
89-->src\main\AndroidManifest.xml:30:5-93
90            android:name="com.unity.xr.oculus.LateLatchingDebug"
90-->src\main\AndroidManifest.xml:30:16-68
91            android:value="false" />
91-->src\main\AndroidManifest.xml:30:69-90
92        <meta-data
92-->src\main\AndroidManifest.xml:31:5-90
93            android:name="com.oculus.supportedDevices"
93-->src\main\AndroidManifest.xml:31:16-58
94            android:value="quest|quest2" />
94-->src\main\AndroidManifest.xml:31:59-87
95    </application>
96
97</manifest>